[2013-09-25 01:54:07] phpDocumentor.INFO: Collecting files ..  [] []
[2013-09-25 01:54:08] phpDocumentor.INFO: OK [] []
[2013-09-25 01:54:08] phpDocumentor.INFO: Initializing parser ..  [] []
[2013-09-25 01:54:08] phpDocumentor.INFO: OK [] []
[2013-09-25 01:54:08] phpDocumentor.INFO: Parsing files [] []
[2013-09-25 01:54:08] phpDocumentor.INFO: Parsing C:\xampp\htdocs\octopus\clases\database.php [] []
[2013-09-25 01:54:08] phpDocumentor.INFO: Parsing C:\xampp\htdocs\octopus\clases\i_crud.php [] []
[2013-09-25 01:54:08] phpDocumentor.INFO: Parsing C:\xampp\htdocs\octopus\clases\i_scrud.php [] []
[2013-09-25 01:54:08] phpDocumentor.INFO: Parsing C:\xampp\htdocs\octopus\clases\peticion.php [] []
[2013-09-25 01:54:08] phpDocumentor.INFO: Parsing C:\xampp\htdocs\octopus\entrada.php [] []
[2013-09-25 01:54:08] phpDocumentor.INFO: Parsing C:\xampp\htdocs\octopus\instalacion\config.php [] []
[2013-09-25 01:54:08] phpDocumentor.INFO: Parsing C:\xampp\htdocs\octopus\instalacion\portal\config.php [] []
[2013-09-25 01:54:08] phpDocumentor.INFO: Parsing C:\xampp\htdocs\octopus\instalacion\portal\controladores\paginas.php [] []
[2013-09-25 01:54:08] phpDocumentor.INFO: Parsing C:\xampp\htdocs\octopus\instalacion\portal\vistas\paginas\inicio.php [] []
[2013-09-25 01:54:08] phpDocumentor.INFO: Parsing C:\xampp\htdocs\octopus\mvc\controlador.php [] []
[2013-09-25 01:54:08] phpDocumentor.INFO: Parsing C:\xampp\htdocs\octopus\mvc\modelo.php [] []
[2013-09-25 01:54:08] phpDocumentor.INFO: Parsing C:\xampp\htdocs\octopus\mvc\vista.php [] []
[2013-09-25 01:54:08] phpDocumentor.INFO: Storing cache in "C:\xampp\htdocs\octopus\api" ..  [] []
[2013-09-25 01:54:08] phpDocumentor.INFO: OK [] []
[2013-09-25 01:54:08] phpDocumentor.INFO: Load cache                                                           ..  [] []
[2013-09-25 01:54:08] phpDocumentor.INFO:    0.016s [] []
[2013-09-25 01:54:08] phpDocumentor.INFO: Preparing template "clean"                                           ..  [] []
[2013-09-25 01:54:09] phpDocumentor.INFO:    0.041s [] []
[2013-09-25 01:54:09] phpDocumentor.INFO: Preparing 15 transformations                                         ..  [] []
[2013-09-25 01:54:09] phpDocumentor.INFO:    0.000s [] []
[2013-09-25 01:54:09] phpDocumentor.INFO: Build "elements" index                                               ..  [] []
[2013-09-25 01:54:09] phpDocumentor.INFO:    0.001s [] []
[2013-09-25 01:54:09] phpDocumentor.INFO: Replace textual FQCNs with object aliases                            ..  [] []
[2013-09-25 01:54:09] phpDocumentor.INFO:    0.005s [] []
[2013-09-25 01:54:09] phpDocumentor.INFO: Build "packages" index                                               ..  [] []
[2013-09-25 01:54:09] phpDocumentor.INFO:    0.002s [] []
[2013-09-25 01:54:09] phpDocumentor.INFO: Build "namespaces" index and add namespaces to "elements"            ..  [] []
[2013-09-25 01:54:09] phpDocumentor.INFO:    0.001s [] []
[2013-09-25 01:54:09] phpDocumentor.INFO: Transform analyzed project into artifacts                            ..  [] []
