[2013-09-25 01:51:21] phpDocumentor.INFO: Collecting files ..  [] []
[2013-09-25 01:51:32] phpDocumentor.INFO: OK [] []
[2013-09-25 01:51:32] phpDocumentor.INFO: Initializing parser ..  [] []
[2013-09-25 01:51:32] phpDocumentor.INFO: OK [] []
[2013-09-25 01:51:32] phpDocumentor.INFO: Parsing files [] []
[2013-09-25 01:51:32] phpDocumentor.INFO: Parsing C:\xampp\htdocs\octopus\clases\database.php [] []
[2013-09-25 01:51:34] phpDocumentor.INFO:   No summary was found for this file [] []
[2013-09-25 01:51:34] phpDocumentor.INFO:   No summary for property $instancia [] []
[2013-09-25 01:51:34] phpDocumentor.INFO: Parsing C:\xampp\htdocs\octopus\clases\i_crud.php [] []
[2013-09-25 01:51:34] phpDocumentor.INFO:   No summary was found for this file [] []
[2013-09-25 01:51:34] phpDocumentor.INFO:   No summary for method nuevo() [] []
[2013-09-25 01:51:34] phpDocumentor.INFO:   No summary for method obtener() [] []
[2013-09-25 01:51:34] phpDocumentor.INFO:   No summary for method guardar() [] []
[2013-09-25 01:51:34] phpDocumentor.INFO:   No summary for method borrar() [] []
[2013-09-25 01:51:34] phpDocumentor.INFO: Parsing C:\xampp\htdocs\octopus\clases\i_scrud.php [] []
[2013-09-25 01:51:34] phpDocumentor.INFO:   No summary was found for this file [] []
[2013-09-25 01:51:34] phpDocumentor.INFO:   No summary for method nuevo() [] []
[2013-09-25 01:51:34] phpDocumentor.INFO:   No summary for method obtener() [] []
[2013-09-25 01:51:34] phpDocumentor.INFO:   No summary for method guardar() [] []
[2013-09-25 01:51:34] phpDocumentor.INFO:   No summary for method borrar() [] []
[2013-09-25 01:51:34] phpDocumentor.INFO:   No summary for method buscar() [] []
[2013-09-25 01:51:34] phpDocumentor.INFO: Parsing C:\xampp\htdocs\octopus\clases\peticion.php [] []
[2013-09-25 01:51:35] phpDocumentor.INFO:   No summary was found for this file [] []
[2013-09-25 01:51:35] phpDocumentor.INFO:   No summary for class \Peticion [] []
[2013-09-25 01:51:35] phpDocumentor.INFO:   No summary for method Peticion() [] []
[2013-09-25 01:51:35] phpDocumentor.INFO:   No summary for method establecerRutas() [] []
[2013-09-25 01:51:35] phpDocumentor.INFO: Parsing C:\xampp\htdocs\octopus\entrada.php [] []
[2013-09-25 01:51:35] phpDocumentor.INFO:   No summary was found for this file [] []
[2013-09-25 01:51:35] phpDocumentor.INFO:   No summary for function \my_autoloader() [] []
[2013-09-25 01:51:35] phpDocumentor.INFO: Parsing C:\xampp\htdocs\octopus\instalacion\config.php [] []
[2013-09-25 01:51:35] phpDocumentor.INFO:   No summary was found for this file [] []
[2013-09-25 01:51:35] phpDocumentor.INFO: Parsing C:\xampp\htdocs\octopus\instalacion\portal\config.php [] []
[2013-09-25 01:51:35] phpDocumentor.INFO:   No summary was found for this file [] []
[2013-09-25 01:51:35] phpDocumentor.INFO: Parsing C:\xampp\htdocs\octopus\instalacion\portal\controladores\paginas.php [] []
[2013-09-25 01:51:35] phpDocumentor.INFO:   No summary was found for this file [] []
[2013-09-25 01:51:35] phpDocumentor.INFO:   No summary for class \Paginas [] []
[2013-09-25 01:51:35] phpDocumentor.INFO: Parsing C:\xampp\htdocs\octopus\instalacion\portal\vistas\paginas\inicio.php [] []
[2013-09-25 01:51:35] phpDocumentor.INFO:   No summary was found for this file [] []
[2013-09-25 01:51:35] phpDocumentor.INFO: Parsing C:\xampp\htdocs\octopus\modulos\backend\config.php [] []
[2013-09-25 01:51:35] phpDocumentor.INFO:   No summary was found for this file [] []
[2013-09-25 01:51:35] phpDocumentor.INFO: Parsing C:\xampp\htdocs\octopus\modulos\backend\controladores\backend.php [] []
[2013-09-25 01:51:35] phpDocumentor.INFO:   No summary was found for this file [] []
[2013-09-25 01:51:35] phpDocumentor.INFO:   No summary for class \backend [] []
[2013-09-25 01:51:35] phpDocumentor.INFO:   No summary for method index() [] []
[2013-09-25 01:51:35] phpDocumentor.INFO:   No summary for method inicio() [] []
[2013-09-25 01:51:35] phpDocumentor.INFO:   No summary for method cssmenu() [] []
[2013-09-25 01:51:35] phpDocumentor.INFO:   No summary for method menu() [] []
[2013-09-25 01:51:35] phpDocumentor.INFO: Parsing C:\xampp\htdocs\octopus\modulos\backend\controladores\catalogos.php [] []
[2013-09-25 01:51:35] phpDocumentor.INFO:   No summary was found for this file [] []
[2013-09-25 01:51:35] phpDocumentor.INFO:   No summary for class \catalogos [] []
[2013-09-25 01:51:35] phpDocumentor.INFO:   No summary for property $modelo [] []
[2013-09-25 01:51:35] phpDocumentor.INFO:   No summary for property $campos [] []
[2013-09-25 01:51:35] phpDocumentor.INFO:   No summary for property $pk [] []
[2013-09-25 01:51:35] phpDocumentor.INFO:   No summary for property $nombre [] []
[2013-09-25 01:51:35] phpDocumentor.INFO:   No summary for method mostrarVista() [] []
[2013-09-25 01:51:35] phpDocumentor.INFO:   No summary for method nuevo() [] []
[2013-09-25 01:51:35] phpDocumentor.INFO:   No summary for method crear_catalogo() [] []
[2013-09-25 01:51:35] phpDocumentor.INFO:   No summary for method guardar() [] []
[2013-09-25 01:51:35] phpDocumentor.INFO:   No summary for method borrar() [] []
[2013-09-25 01:51:35] phpDocumentor.INFO:   No summary for method editar() [] []
[2013-09-25 01:51:35] phpDocumentor.INFO:   No summary for method buscar() [] []
[2013-09-25 01:51:35] phpDocumentor.INFO: Parsing C:\xampp\htdocs\octopus\modulos\backend\controladores\config.php [] []
[2013-09-25 01:51:35] phpDocumentor.INFO:   No summary was found for this file [] []
[2013-09-25 01:51:35] phpDocumentor.INFO:   No summary for class \config [] []
[2013-09-25 01:51:35] phpDocumentor.INFO:   No summary for property $modelo [] []
[2013-09-25 01:51:35] phpDocumentor.INFO:   No summary for property $campos [] []
[2013-09-25 01:51:35] phpDocumentor.INFO:   No summary for property $pk [] []
[2013-09-25 01:51:35] phpDocumentor.INFO:   No summary for method nuevo() [] []
[2013-09-25 01:51:35] phpDocumentor.INFO:   No summary for method guardar() [] []
[2013-09-25 01:51:35] phpDocumentor.INFO:   No summary for method borrar() [] []
[2013-09-25 01:51:35] phpDocumentor.INFO:   No summary for method editar() [] []
[2013-09-25 01:51:35] phpDocumentor.INFO:   No summary for method buscar() [] []
[2013-09-25 01:51:35] phpDocumentor.INFO: Parsing C:\xampp\htdocs\octopus\modulos\backend\controladores\modulos.php [] []
[2013-09-25 01:51:35] phpDocumentor.INFO:   No summary was found for this file [] []
[2013-09-25 01:51:35] phpDocumentor.INFO:   No summary for class \modulos [] []
[2013-09-25 01:51:35] phpDocumentor.INFO:   No summary for property $modelo [] []
[2013-09-25 01:51:35] phpDocumentor.INFO:   No summary for property $campos [] []
[2013-09-25 01:51:35] phpDocumentor.INFO:   No summary for property $pk [] []
[2013-09-25 01:51:35] phpDocumentor.INFO:   No summary for property $nombre [] []
[2013-09-25 01:51:35] phpDocumentor.INFO:   No summary for method mostrarVista() [] []
[2013-09-25 01:51:35] phpDocumentor.INFO:   No summary for method nuevo() [] []
[2013-09-25 01:51:35] phpDocumentor.INFO:   No summary for method guardar() [] []
[2013-09-25 01:51:35] phpDocumentor.INFO:   No summary for method borrar() [] []
[2013-09-25 01:51:35] phpDocumentor.INFO:   No summary for method editar() [] []
[2013-09-25 01:51:35] phpDocumentor.INFO:   No summary for method buscar() [] []
[2013-09-25 01:51:35] phpDocumentor.INFO: Parsing C:\xampp\htdocs\octopus\modulos\backend\controladores\paginas.php [] []
[2013-09-25 01:51:35] phpDocumentor.INFO:   No summary was found for this file [] []
[2013-09-25 01:51:35] phpDocumentor.INFO:   No summary for class \paginas [] []
[2013-09-25 01:51:35] phpDocumentor.INFO: Parsing C:\xampp\htdocs\octopus\modulos\backend\controladores\roles.php [] []
[2013-09-25 01:51:35] phpDocumentor.INFO:   No summary was found for this file [] []
[2013-09-25 01:51:35] phpDocumentor.INFO:   No summary for class \roles [] []
[2013-09-25 01:51:35] phpDocumentor.INFO:   No summary for property $modelo [] []
[2013-09-25 01:51:35] phpDocumentor.INFO:   No summary for property $campos [] []
[2013-09-25 01:51:35] phpDocumentor.INFO:   No summary for property $pk [] []
[2013-09-25 01:51:35] phpDocumentor.INFO:   No summary for property $nombre [] []
[2013-09-25 01:51:35] phpDocumentor.INFO:   No summary for method nuevo() [] []
[2013-09-25 01:51:35] phpDocumentor.INFO:   No summary for method guardar() [] []
[2013-09-25 01:51:35] phpDocumentor.INFO:   No summary for method borrar() [] []
[2013-09-25 01:51:35] phpDocumentor.INFO:   No summary for method editar() [] []
[2013-09-25 01:51:35] phpDocumentor.INFO:   No summary for method buscar() [] []
[2013-09-25 01:51:35] phpDocumentor.INFO: Parsing C:\xampp\htdocs\octopus\modulos\backend\controladores\user.php [] []
[2013-09-25 01:51:35] phpDocumentor.INFO:   No summary was found for this file [] []
[2013-09-25 01:51:35] phpDocumentor.INFO:   No summary for class \User [] []
[2013-09-25 01:51:35] phpDocumentor.INFO:   No summary for property $validarCaptcha [] []
[2013-09-25 01:51:35] phpDocumentor.INFO:   No summary for property $accionesPublicas [] []
[2013-09-25 01:51:35] phpDocumentor.INFO:   No summary for method mostrarVista() [] []
[2013-09-25 01:51:35] phpDocumentor.INFO:   No summary for method logout() [] []
[2013-09-25 01:51:35] phpDocumentor.INFO:   No summary for method emailDisponible() [] []
[2013-09-25 01:51:35] phpDocumentor.INFO:   No summary for method login() [] []
[2013-09-25 01:51:35] phpDocumentor.INFO:   No summary for method getModel() [] []
[2013-09-25 01:51:35] phpDocumentor.INFO:   No summary for method changepass() [] []
[2013-09-25 01:51:35] phpDocumentor.INFO:   No summary for method forgot() [] []
[2013-09-25 01:51:35] phpDocumentor.INFO: Parsing C:\xampp\htdocs\octopus\modulos\backend\controladores\usuarios.php [] []
[2013-09-25 01:51:35] phpDocumentor.INFO:   No summary was found for this file [] []
[2013-09-25 01:51:35] phpDocumentor.INFO:   No summary for class \usuarios [] []
[2013-09-25 01:51:35] phpDocumentor.INFO:   No summary for property $modelo [] []
[2013-09-25 01:51:35] phpDocumentor.INFO:   No summary for property $campos [] []
[2013-09-25 01:51:35] phpDocumentor.INFO:   No summary for property $accionesPublicas [] []
[2013-09-25 01:51:35] phpDocumentor.INFO:   No summary for method mostrarVista() [] []
[2013-09-25 01:51:35] phpDocumentor.INFO:   No summary for method logout() [] []
[2013-09-25 01:51:35] phpDocumentor.INFO:   No summary for method nuevo() [] []
[2013-09-25 01:51:35] phpDocumentor.INFO:   No summary for method guardar() [] []
[2013-09-25 01:51:35] phpDocumentor.INFO:   No summary for method borrar() [] []
[2013-09-25 01:51:35] phpDocumentor.INFO:   No summary for method editar() [] []
[2013-09-25 01:51:35] phpDocumentor.INFO:   No summary for method buscar() [] []
[2013-09-25 01:51:35] phpDocumentor.INFO: Parsing C:\xampp\htdocs\octopus\modulos\backend\crear_catalogo\crear_buscador.php [] []
[2013-09-25 01:51:35] phpDocumentor.INFO:   No summary was found for this file [] []
[2013-09-25 01:51:35] phpDocumentor.INFO:   No summary for function \crear_buscador() [] []
[2013-09-25 01:51:35] phpDocumentor.INFO: Parsing C:\xampp\htdocs\octopus\modulos\backend\crear_catalogo\crear_buscadorjs.php [] []
[2013-09-25 01:51:35] phpDocumentor.INFO:   No summary was found for this file [] []
[2013-09-25 01:51:35] phpDocumentor.INFO:   No summary for function \crear_buscadorjs() [] []
[2013-09-25 01:51:35] phpDocumentor.INFO: Parsing C:\xampp\htdocs\octopus\modulos\backend\crear_catalogo\crear_catalogo.php [] []
[2013-09-25 01:51:35] phpDocumentor.INFO:   No summary was found for this file [] []
[2013-09-25 01:51:35] phpDocumentor.INFO:   No summary for function \crear_catalogo() [] []
[2013-09-25 01:51:35] phpDocumentor.INFO: Parsing C:\xampp\htdocs\octopus\modulos\backend\crear_catalogo\crear_controlador.php [] []
[2013-09-25 01:51:35] phpDocumentor.INFO:   No summary was found for this file [] []
[2013-09-25 01:51:35] phpDocumentor.INFO:   No summary for function \crear_controlador() [] []
[2013-09-25 01:51:35] phpDocumentor.INFO: Parsing C:\xampp\htdocs\octopus\modulos\backend\crear_catalogo\crear_editor.php [] []
[2013-09-25 01:51:35] phpDocumentor.INFO:   No summary was found for this file [] []
[2013-09-25 01:51:35] phpDocumentor.INFO:   No summary for function \crear_editor() [] []
[2013-09-25 01:51:35] phpDocumentor.INFO: Parsing C:\xampp\htdocs\octopus\modulos\backend\crear_catalogo\crear_editorjs.php [] []
[2013-09-25 01:51:35] phpDocumentor.INFO:   No summary was found for this file [] []
[2013-09-25 01:51:35] phpDocumentor.INFO:   No summary for function \crear_editorjs() [] []
[2013-09-25 01:51:35] phpDocumentor.INFO: Parsing C:\xampp\htdocs\octopus\modulos\backend\crear_catalogo\crear_modelo.php [] []
[2013-09-25 01:51:35] phpDocumentor.INFO:   No summary was found for this file [] []
[2013-09-25 01:51:35] phpDocumentor.INFO:   No summary for function \crear_modelo() [] []
[2013-09-25 01:51:35] phpDocumentor.INFO: Parsing C:\xampp\htdocs\octopus\modulos\backend\crear_catalogo\crear_vistas.php [] []
[2013-09-25 01:51:35] phpDocumentor.INFO:   No summary was found for this file [] []
[2013-09-25 01:51:35] phpDocumentor.INFO:   No summary for function \crear_vistas() [] []
[2013-09-25 01:51:35] phpDocumentor.INFO: Parsing C:\xampp\htdocs\octopus\modulos\backend\crear_catalogo_facturacion\crear_buscador.php [] []
[2013-09-25 01:51:35] phpDocumentor.INFO:   No summary was found for this file [] []
[2013-09-25 01:51:35] phpDocumentor.INFO:   No summary for function \crear_buscador() [] []
[2013-09-25 01:51:35] phpDocumentor.INFO: Parsing C:\xampp\htdocs\octopus\modulos\backend\crear_catalogo_facturacion\crear_buscadorjs.php [] []
[2013-09-25 01:51:35] phpDocumentor.INFO:   No summary was found for this file [] []
[2013-09-25 01:51:35] phpDocumentor.INFO:   No summary for function \crear_buscadorjs() [] []
[2013-09-25 01:51:35] phpDocumentor.INFO: Parsing C:\xampp\htdocs\octopus\modulos\backend\crear_catalogo_facturacion\crear_catalogo.php [] []
[2013-09-25 01:51:35] phpDocumentor.INFO:   No summary was found for this file [] []
[2013-09-25 01:51:35] phpDocumentor.INFO:   No summary for function \crear_catalogo() [] []
[2013-09-25 01:51:35] phpDocumentor.INFO: Parsing C:\xampp\htdocs\octopus\modulos\backend\crear_catalogo_facturacion\crear_controlador.php [] []
[2013-09-25 01:51:35] phpDocumentor.INFO:   No summary was found for this file [] []
[2013-09-25 01:51:35] phpDocumentor.INFO:   No summary for function \crear_controlador() [] []
[2013-09-25 01:51:35] phpDocumentor.INFO: Parsing C:\xampp\htdocs\octopus\modulos\backend\crear_catalogo_facturacion\crear_editor.php [] []
[2013-09-25 01:51:35] phpDocumentor.INFO:   No summary was found for this file [] []
[2013-09-25 01:51:35] phpDocumentor.INFO:   No summary for function \crear_editor() [] []
[2013-09-25 01:51:35] phpDocumentor.INFO: Parsing C:\xampp\htdocs\octopus\modulos\backend\crear_catalogo_facturacion\crear_editorjs.php [] []
[2013-09-25 01:51:35] phpDocumentor.INFO:   No summary was found for this file [] []
[2013-09-25 01:51:35] phpDocumentor.INFO:   No summary for function \crear_editorjs() [] []
[2013-09-25 01:51:35] phpDocumentor.INFO: Parsing C:\xampp\htdocs\octopus\modulos\backend\crear_catalogo_facturacion\crear_modelo.php [] []
[2013-09-25 01:51:35] phpDocumentor.INFO:   No summary was found for this file [] []
[2013-09-25 01:51:35] phpDocumentor.INFO:   No summary for function \crear_modelo() [] []
[2013-09-25 01:51:35] phpDocumentor.INFO: Parsing C:\xampp\htdocs\octopus\modulos\backend\crear_catalogo_facturacion\crear_vistas.php [] []
[2013-09-25 01:51:35] phpDocumentor.INFO:   No summary was found for this file [] []
[2013-09-25 01:51:35] phpDocumentor.INFO:   No summary for function \crear_vistas() [] []
[2013-09-25 01:51:35] phpDocumentor.INFO: Parsing C:\xampp\htdocs\octopus\modulos\backend\modelos\catalogo_modelo.php [] []
[2013-09-25 01:51:36] phpDocumentor.INFO:   No summary was found for this file [] []
[2013-09-25 01:51:36] phpDocumentor.INFO:   No summary for class \CatalogoModelo [] []
[2013-09-25 01:51:36] phpDocumentor.INFO:   No summary for property $tabla [] []
[2013-09-25 01:51:36] phpDocumentor.INFO:   No summary for property $campos [] []
[2013-09-25 01:51:36] phpDocumentor.INFO:   No summary for property $pk [] []
[2013-09-25 01:51:36] phpDocumentor.INFO:   No summary for method nuevo() [] []
[2013-09-25 01:51:36] phpDocumentor.INFO:   No summary for method guardar() [] []
[2013-09-25 01:51:36] phpDocumentor.INFO:   No summary for method borrar() [] []
[2013-09-25 01:51:36] phpDocumentor.INFO:   No summary for method editar() [] []
[2013-09-25 01:51:36] phpDocumentor.INFO:   No summary for method buscar() [] []
[2013-09-25 01:51:36] phpDocumentor.INFO: Parsing C:\xampp\htdocs\octopus\modulos\backend\modelos\config_modelo.php [] []
[2013-09-25 01:51:36] phpDocumentor.INFO:   No summary was found for this file [] []
[2013-09-25 01:51:36] phpDocumentor.INFO:   No summary for class \configModelo [] []
[2013-09-25 01:51:36] phpDocumentor.INFO:   No summary for property $tabla [] []
[2013-09-25 01:51:36] phpDocumentor.INFO:   No summary for property $campos [] []
[2013-09-25 01:51:36] phpDocumentor.INFO:   No summary for property $pk [] []
[2013-09-25 01:51:36] phpDocumentor.INFO:   No summary for method nuevo() [] []
[2013-09-25 01:51:36] phpDocumentor.INFO:   No summary for method guardar() [] []
[2013-09-25 01:51:36] phpDocumentor.INFO:   No summary for method borrar() [] []
[2013-09-25 01:51:36] phpDocumentor.INFO:   No summary for method editar() [] []
[2013-09-25 01:51:36] phpDocumentor.INFO:   No summary for method buscar() [] []
[2013-09-25 01:51:36] phpDocumentor.INFO: Parsing C:\xampp\htdocs\octopus\modulos\backend\modelos\modulo_modelo.php [] []
[2013-09-25 01:51:36] phpDocumentor.INFO:   No summary was found for this file [] []
[2013-09-25 01:51:36] phpDocumentor.INFO:   No summary for class \ModuloModelo [] []
[2013-09-25 01:51:36] phpDocumentor.INFO:   No summary for property $tabla [] []
[2013-09-25 01:51:36] phpDocumentor.INFO:   No summary for property $campos [] []
[2013-09-25 01:51:36] phpDocumentor.INFO:   No summary for method nuevo() [] []
[2013-09-25 01:51:36] phpDocumentor.INFO:   No summary for method guardar() [] []
[2013-09-25 01:51:36] phpDocumentor.INFO:   No summary for method borrar() [] []
[2013-09-25 01:51:36] phpDocumentor.INFO:   No summary for method editar() [] []
[2013-09-25 01:51:36] phpDocumentor.INFO:   No summary for method buscar() [] []
[2013-09-25 01:51:36] phpDocumentor.INFO: Parsing C:\xampp\htdocs\octopus\modulos\backend\modelos\rol_modelo.php [] []
[2013-09-25 01:51:36] phpDocumentor.INFO:   No summary was found for this file [] []
[2013-09-25 01:51:36] phpDocumentor.INFO:   No summary for class \rolModelo [] []
[2013-09-25 01:51:36] phpDocumentor.INFO:   No summary for property $tabla [] []
[2013-09-25 01:51:36] phpDocumentor.INFO:   No summary for property $campos [] []
[2013-09-25 01:51:36] phpDocumentor.INFO:   No summary for property $pk [] []
[2013-09-25 01:51:36] phpDocumentor.INFO:   No summary for method nuevo() [] []
[2013-09-25 01:51:36] phpDocumentor.INFO:   No summary for method guardar() [] []
[2013-09-25 01:51:36] phpDocumentor.INFO:   No summary for method borrar() [] []
[2013-09-25 01:51:36] phpDocumentor.INFO:   No summary for method editar() [] []
[2013-09-25 01:51:36] phpDocumentor.INFO:   No summary for method buscar() [] []
[2013-09-25 01:51:36] phpDocumentor.INFO: Parsing C:\xampp\htdocs\octopus\modulos\backend\modelos\user_model.php [] []
[2013-09-25 01:51:36] phpDocumentor.INFO:   No summary was found for this file [] []
[2013-09-25 01:51:36] phpDocumentor.INFO:   No summary for function \getEstadisticas() [] []
[2013-09-25 01:51:36] phpDocumentor.INFO:   No summary for class \UserModel [] []
[2013-09-25 01:51:36] phpDocumentor.INFO:   No summary for property $tabla [] []
[2013-09-25 01:51:36] phpDocumentor.INFO:   No summary for method login() [] []
[2013-09-25 01:51:36] phpDocumentor.INFO:   No summary for method buscarCoincidencias() [] []
[2013-09-25 01:51:36] phpDocumentor.INFO:   No summary for method registrarEnSesion() [] []
[2013-09-25 01:51:36] phpDocumentor.INFO:   No summary for method logout() [] []
[2013-09-25 01:51:36] phpDocumentor.INFO:   No summary for method registrar() [] []
[2013-09-25 01:51:36] phpDocumentor.INFO:   No summary for method findByEmail() [] []
[2013-09-25 01:51:36] phpDocumentor.INFO:   No summary for method findByFbId() [] []
[2013-09-25 01:51:36] phpDocumentor.INFO:   No summary for method findById() [] []
[2013-09-25 01:51:36] phpDocumentor.INFO:   No summary for method findByNick() [] []
[2013-09-25 01:51:36] phpDocumentor.INFO:   No summary for method actualizarSesion() [] []
[2013-09-25 01:51:36] phpDocumentor.INFO:   No summary for method compruebaPass() [] []
[2013-09-25 01:51:36] phpDocumentor.INFO:   No summary for method updatePass() [] []
[2013-09-25 01:51:36] phpDocumentor.INFO:   No summary for method registrarFb() [] []
[2013-09-25 01:51:36] phpDocumentor.INFO: Parsing C:\xampp\htdocs\octopus\modulos\backend\modelos\usuario_modelo.php [] []
[2013-09-25 01:51:36] phpDocumentor.INFO:   No summary was found for this file [] []
[2013-09-25 01:51:36] phpDocumentor.INFO:   No summary for class \UsuarioModelo [] []
[2013-09-25 01:51:36] phpDocumentor.INFO:   No summary for property $tabla [] []
[2013-09-25 01:51:36] phpDocumentor.INFO:   No summary for property $campos [] []
[2013-09-25 01:51:36] phpDocumentor.INFO:   No summary for method logout() [] []
[2013-09-25 01:51:36] phpDocumentor.INFO:   No summary for method nuevo() [] []
[2013-09-25 01:51:36] phpDocumentor.INFO:   No summary for method borrar() [] []
[2013-09-25 01:51:36] phpDocumentor.INFO:   No summary for method editar() [] []
[2013-09-25 01:51:36] phpDocumentor.INFO:   No summary for method buscar() [] []
[2013-09-25 01:51:36] phpDocumentor.INFO:   No summary for method guardar() [] []
[2013-09-25 01:51:36] phpDocumentor.INFO: Parsing C:\xampp\htdocs\octopus\modulos\backend\presentacion\html.php\backend\inicio.php [] []
[2013-09-25 01:51:36] phpDocumentor.INFO:   No summary was found for this file [] []
[2013-09-25 01:51:36] phpDocumentor.INFO: Parsing C:\xampp\htdocs\octopus\modulos\backend\presentacion\html.php\backend\menu.php [] []
[2013-09-25 01:51:36] phpDocumentor.INFO:   No summary was found for this file [] []
[2013-09-25 01:51:36] phpDocumentor.INFO: Parsing C:\xampp\htdocs\octopus\modulos\backend\presentacion\html.php\catalogos\busqueda.php [] []
[2013-09-25 01:51:36] phpDocumentor.INFO:   No summary was found for this file [] []
[2013-09-25 01:51:36] phpDocumentor.INFO: Parsing C:\xampp\htdocs\octopus\modulos\backend\presentacion\html.php\catalogos\edicion.php [] []
[2013-09-25 01:51:36] phpDocumentor.INFO:   No summary was found for this file [] []
[2013-09-25 01:51:36] phpDocumentor.INFO: Parsing C:\xampp\htdocs\octopus\modulos\backend\presentacion\html.php\catalogos2\busqueda.php [] []
[2013-09-25 01:51:36] phpDocumentor.INFO:   No summary was found for this file [] []
[2013-09-25 01:51:36] phpDocumentor.INFO: Parsing C:\xampp\htdocs\octopus\modulos\backend\presentacion\html.php\catalogos2\edicion.php [] []
[2013-09-25 01:51:36] phpDocumentor.INFO:   No summary was found for this file [] []
[2013-09-25 01:51:36] phpDocumentor.INFO: Parsing C:\xampp\htdocs\octopus\modulos\backend\presentacion\html.php\componentes\busqueda_toolbar.php [] []
[2013-09-25 01:51:36] phpDocumentor.INFO:   No summary was found for this file [] []
[2013-09-25 01:51:36] phpDocumentor.INFO: Parsing C:\xampp\htdocs\octopus\modulos\backend\presentacion\html.php\componentes\toolbar.php [] []
[2013-09-25 01:51:36] phpDocumentor.INFO:   No summary was found for this file [] []
[2013-09-25 01:51:36] phpDocumentor.INFO: Parsing C:\xampp\htdocs\octopus\modulos\backend\presentacion\html.php\componentes\toolbar_edicion_maestro_detalle.php [] []
[2013-09-25 01:51:36] phpDocumentor.INFO:   No summary was found for this file [] []
[2013-09-25 01:51:36] phpDocumentor.INFO: Parsing C:\xampp\htdocs\octopus\modulos\backend\presentacion\html.php\config\busqueda.php [] []
[2013-09-25 01:51:36] phpDocumentor.INFO:   No summary was found for this file [] []
[2013-09-25 01:51:36] phpDocumentor.INFO: Parsing C:\xampp\htdocs\octopus\modulos\backend\presentacion\html.php\config\edicion.php [] []
[2013-09-25 01:51:36] phpDocumentor.INFO:   No summary was found for this file [] []
[2013-09-25 01:51:36] phpDocumentor.INFO: Parsing C:\xampp\htdocs\octopus\modulos\backend\presentacion\html.php\modulos\busqueda.php [] []
[2013-09-25 01:51:36] phpDocumentor.INFO:   No summary was found for this file [] []
[2013-09-25 01:51:36] phpDocumentor.INFO: Parsing C:\xampp\htdocs\octopus\modulos\backend\presentacion\html.php\modulos\edicion.php [] []
[2013-09-25 01:51:36] phpDocumentor.INFO:   No summary was found for this file [] []
[2013-09-25 01:51:36] phpDocumentor.INFO: Parsing C:\xampp\htdocs\octopus\modulos\backend\presentacion\html.php\roles\busqueda.php [] []
[2013-09-25 01:51:36] phpDocumentor.INFO:   No summary was found for this file [] []
[2013-09-25 01:51:36] phpDocumentor.INFO: Parsing C:\xampp\htdocs\octopus\modulos\backend\presentacion\html.php\roles\edicion.php [] []
[2013-09-25 01:51:36] phpDocumentor.INFO:   No summary was found for this file [] []
[2013-09-25 01:51:36] phpDocumentor.INFO: Parsing C:\xampp\htdocs\octopus\modulos\backend\presentacion\html.php\seguridad\busqueda.php [] []
[2013-09-25 01:51:36] phpDocumentor.INFO:   No summary was found for this file [] []
[2013-09-25 01:51:36] phpDocumentor.INFO: Parsing C:\xampp\htdocs\octopus\modulos\backend\presentacion\html.php\seguridad\edicion.php [] []
[2013-09-25 01:51:36] phpDocumentor.INFO:   No summary was found for this file [] []
[2013-09-25 01:51:36] phpDocumentor.INFO: Parsing C:\xampp\htdocs\octopus\modulos\backend\presentacion\html.php\user\login.php [] []
[2013-09-25 01:51:36] phpDocumentor.INFO:   No summary was found for this file [] []
[2013-09-25 01:51:36] phpDocumentor.INFO: Parsing C:\xampp\htdocs\octopus\modulos\backend\presentacion\html.php\usuarios\busqueda.php [] []
[2013-09-25 01:51:36] phpDocumentor.INFO:   No summary was found for this file [] []
[2013-09-25 01:51:36] phpDocumentor.INFO: Parsing C:\xampp\htdocs\octopus\modulos\backend\presentacion\html.php\usuarios\edicion.php [] []
[2013-09-25 01:51:36] phpDocumentor.INFO:   No summary was found for this file [] []
[2013-09-25 01:51:36] phpDocumentor.INFO: Parsing C:\xampp\htdocs\octopus\modulos\backend\presentacion\layout.php [] []
[2013-09-25 01:51:36] phpDocumentor.INFO:   No summary was found for this file [] []
[2013-09-25 01:51:36] phpDocumentor.INFO:   No summary for function \getUrlTema() [] []
[2013-09-25 01:51:36] phpDocumentor.INFO: Parsing C:\xampp\htdocs\octopus\modulos\backend\presentacion\publico.php [] []
[2013-09-25 01:51:36] phpDocumentor.INFO:   No summary was found for this file [] []
[2013-09-25 01:51:36] phpDocumentor.INFO: Parsing C:\xampp\htdocs\octopus\mvc\controlador.php [] []
[2013-09-25 01:51:36] phpDocumentor.INFO:   No summary was found for this file [] []
[2013-09-25 01:51:36] phpDocumentor.INFO:   No summary for class \Controlador [] []
[2013-09-25 01:51:36] phpDocumentor.INFO:   No summary for property $modelo [] []
[2013-09-25 01:51:36] phpDocumentor.INFO:   No summary for property $accionesPublicas [] []
[2013-09-25 01:51:36] phpDocumentor.INFO:   No summary for method getVista() [] []
[2013-09-25 01:51:36] phpDocumentor.INFO:   No summary for method nueva() [] []
[2013-09-25 01:51:36] phpDocumentor.INFO:   No summary for method nuevo() [] []
[2013-09-25 01:51:36] phpDocumentor.INFO:   No summary for method editar() [] []
[2013-09-25 01:51:36] phpDocumentor.INFO:   No summary for method buscar() [] []
[2013-09-25 01:51:36] phpDocumentor.INFO:   No summary for method getModelo() [] []
[2013-09-25 01:51:36] phpDocumentor.INFO:   No summary for method guardar() [] []
[2013-09-25 01:51:36] phpDocumentor.INFO:   No summary for method eliminar() [] []
[2013-09-25 01:51:36] phpDocumentor.INFO: Parsing C:\xampp\htdocs\octopus\mvc\modelo.php [] []
[2013-09-25 01:51:36] phpDocumentor.INFO:   No summary was found for this file [] []
[2013-09-25 01:51:36] phpDocumentor.INFO:   No summary for class \Modelo [] []
[2013-09-25 01:51:36] phpDocumentor.INFO:   No summary for property $pk [] []
[2013-09-25 01:51:36] phpDocumentor.INFO:   No summary for property $nombre [] []
[2013-09-25 01:51:36] phpDocumentor.INFO:   No summary for property $campos [] []
[2013-09-25 01:51:36] phpDocumentor.INFO:   No summary for property $tabla [] []
[2013-09-25 01:51:36] phpDocumentor.INFO:   No summary for method nuevo() [] []
[2013-09-25 01:51:36] phpDocumentor.INFO:   No summary for method getError() [] []
[2013-09-25 01:51:36] phpDocumentor.INFO:   No summary for method getPdo() [] []
[2013-09-25 01:51:36] phpDocumentor.INFO:   No summary for method getConexion() [] []
[2013-09-25 01:51:36] phpDocumentor.INFO:   No summary for method ejecutarSql() [] []
[2013-09-25 01:51:36] phpDocumentor.INFO:   No summary for method execute() [] []
[2013-09-25 01:51:36] phpDocumentor.INFO:   No summary for method contar() [] []
[2013-09-25 01:51:36] phpDocumentor.INFO:   No summary for method obtener() [] []
[2013-09-25 01:51:36] phpDocumentor.INFO:   No summary for method guardar() [] []
[2013-09-25 01:51:36] phpDocumentor.INFO:   No summary for method eliminar() [] []
[2013-09-25 01:51:36] phpDocumentor.INFO:   No summary for method borrar() [] []
[2013-09-25 01:51:36] phpDocumentor.INFO:   No summary for method paginar() [] []
[2013-09-25 01:51:36] phpDocumentor.INFO:   No summary for method cadenaDeFiltros() [] []
[2013-09-25 01:51:36] phpDocumentor.INFO:   No summary for method bindFiltros() [] []
[2013-09-25 01:51:36] phpDocumentor.INFO:   No summary for method buscar() [] []
[2013-09-25 01:51:36] phpDocumentor.INFO:   No summary for method crearFiltrosOr() [] []
[2013-09-25 01:51:36] phpDocumentor.INFO: Parsing C:\xampp\htdocs\octopus\mvc\vista.php [] []
[2013-09-25 01:51:36] phpDocumentor.INFO:   No summary was found for this file [] []
[2013-09-25 01:51:36] phpDocumentor.INFO:   No summary for class \Vista [] []
[2013-09-25 01:51:36] phpDocumentor.INFO:   No summary for property $errores [] []
[2013-09-25 01:51:36] phpDocumentor.INFO:   No summary for property $valores [] []
[2013-09-25 01:51:36] phpDocumentor.INFO:   No summary for method cargarJs() [] []
[2013-09-25 01:51:36] phpDocumentor.INFO:   No summary for method mostrarArchivo() [] []
[2013-09-25 01:51:36] phpDocumentor.INFO:   No summary for method mostrarTema() [] []
[2013-09-25 01:51:36] phpDocumentor.INFO:   No summary for method cargarVista() [] []
[2013-09-25 01:51:36] phpDocumentor.INFO:   No summary for method mostrar() [] []
[2013-09-25 01:51:36] phpDocumentor.INFO:   No summary for method render() [] []
[2013-09-25 01:51:36] phpDocumentor.INFO:   No summary for method setRutaContenido() [] []
[2013-09-25 01:51:36] phpDocumentor.INFO: Parsing C:\xampp\htdocs\octopus\tests\nucleo_test\app_test\controladores\controladortest.php [] []
[2013-09-25 01:51:37] phpDocumentor.INFO:   No summary was found for this file [] []
[2013-09-25 01:51:37] phpDocumentor.INFO: Parsing C:\xampp\htdocs\octopus\tests\nucleo_test\app_test\modelos\modelotest_model.php [] []
[2013-09-25 01:51:37] phpDocumentor.INFO:   No summary was found for this file [] []
[2013-09-25 01:51:37] phpDocumentor.INFO: Parsing C:\xampp\htdocs\octopus\tests\nucleo_test\app_test\vistas\controladortest\index.php [] []
[2013-09-25 01:51:37] phpDocumentor.INFO:   No summary was found for this file [] []
[2013-09-25 01:51:37] phpDocumentor.INFO: Parsing C:\xampp\htdocs\octopus\tests\nucleo_test\app_test\vistas\controladortest\index2.php [] []
[2013-09-25 01:51:37] phpDocumentor.INFO:   No summary was found for this file [] []
[2013-09-25 01:51:37] phpDocumentor.INFO: Parsing C:\xampp\htdocs\octopus\tests\nucleo_test\app_test\vistas\layout.php [] []
[2013-09-25 01:51:37] phpDocumentor.INFO:   No summary was found for this file [] []
[2013-09-25 01:51:37] phpDocumentor.INFO: Parsing C:\xampp\htdocs\octopus\tests\nucleo_test\controlador_test.php [] []
[2013-09-25 01:51:37] phpDocumentor.INFO:   No summary was found for this file [] []
[2013-09-25 01:51:37] phpDocumentor.INFO: Parsing C:\xampp\htdocs\octopus\tests\nucleo_test\database_test.php [] []
[2013-09-25 01:51:37] phpDocumentor.INFO:   No summary was found for this file [] []
[2013-09-25 01:51:37] phpDocumentor.INFO: Parsing C:\xampp\htdocs\octopus\tests\nucleo_test\despachador_test.php [] []
[2013-09-25 01:51:37] phpDocumentor.INFO:   No summary was found for this file [] []
[2013-09-25 01:51:37] phpDocumentor.INFO: Parsing C:\xampp\htdocs\octopus\tests\nucleo_test\index.php [] []
[2013-09-25 01:51:37] phpDocumentor.INFO:   No summary was found for this file [] []
[2013-09-25 01:51:37] phpDocumentor.INFO: Parsing C:\xampp\htdocs\octopus\tests\nucleo_test\index_test.php [] []
[2013-09-25 01:51:37] phpDocumentor.INFO:   No summary was found for this file [] []
[2013-09-25 01:51:37] phpDocumentor.INFO: Parsing C:\xampp\htdocs\octopus\tests\nucleo_test\modelo_test.php [] []
[2013-09-25 01:51:37] phpDocumentor.INFO:   No summary was found for this file [] []
[2013-09-25 01:51:37] phpDocumentor.INFO: Parsing C:\xampp\htdocs\octopus\tests\nucleo_test\peticion_test.php [] []
[2013-09-25 01:51:37] phpDocumentor.INFO:   No summary was found for this file [] []
[2013-09-25 01:51:37] phpDocumentor.INFO: Parsing C:\xampp\htdocs\octopus\tests\nucleo_test\testcase_controlador.php [] []
[2013-09-25 01:51:37] phpDocumentor.INFO:   No summary was found for this file [] []
[2013-09-25 01:51:37] phpDocumentor.INFO:   No summary for class \ControladorTestcase [] []
[2013-09-25 01:51:37] phpDocumentor.INFO:   No summary for method setUp() [] []
[2013-09-25 01:51:37] phpDocumentor.INFO:   No summary for method testGetVista() [] []
[2013-09-25 01:51:37] phpDocumentor.INFO:   No summary for method testGetModel() [] []
[2013-09-25 01:51:37] phpDocumentor.INFO:   No summary for method testMostrarVistaDefault() [] []
[2013-09-25 01:51:37] phpDocumentor.INFO:   No summary for method testMostrarVista() [] []
[2013-09-25 01:51:37] phpDocumentor.INFO:   No summary for method testServirAccion() [] []
[2013-09-25 01:51:37] phpDocumentor.INFO:   No summary for method testServirError() [] []
[2013-09-25 01:51:37] phpDocumentor.INFO:   No summary for method testServirVista() [] []
[2013-09-25 01:51:37] phpDocumentor.INFO: Parsing C:\xampp\htdocs\octopus\tests\nucleo_test\testcase_database.php [] []
[2013-09-25 01:51:37] phpDocumentor.INFO:   No summary was found for this file [] []
[2013-09-25 01:51:37] phpDocumentor.INFO:   No summary for class \DatabaseTestcase [] []
[2013-09-25 01:51:37] phpDocumentor.INFO:   No summary for method setUp() [] []
[2013-09-25 01:51:37] phpDocumentor.INFO:   No summary for method testGetInstance() [] []
[2013-09-25 01:51:37] phpDocumentor.INFO: Parsing C:\xampp\htdocs\octopus\tests\nucleo_test\testcase_despachador.php [] []
[2013-09-25 01:51:37] phpDocumentor.INFO:   No summary was found for this file [] []
[2013-09-25 01:51:37] phpDocumentor.INFO:   No summary for class \DespachadorTestcase [] []
[2013-09-25 01:51:37] phpDocumentor.INFO:   No summary for method setUp() [] []
[2013-09-25 01:51:37] phpDocumentor.INFO:   No summary for method tearDown() [] []
[2013-09-25 01:51:37] phpDocumentor.INFO:   No summary for method testDespacharAccion() [] []
[2013-09-25 01:51:37] phpDocumentor.INFO:   No summary for method testDespacharVista() [] []
[2013-09-25 01:51:37] phpDocumentor.INFO:   No summary for method testModuloNoEncontrado() [] []
[2013-09-25 01:51:37] phpDocumentor.INFO:   No summary for method testControladorNoEncontrado() [] []
[2013-09-25 01:51:37] phpDocumentor.INFO:   No summary for method testAccionNoEncontrada() [] []
[2013-09-25 01:51:37] phpDocumentor.INFO: Parsing C:\xampp\htdocs\octopus\tests\nucleo_test\testcase_modelo.php [] []
[2013-09-25 01:51:37] phpDocumentor.INFO:   No summary was found for this file [] []
[2013-09-25 01:51:37] phpDocumentor.INFO:   No summary for class \ModeloTestcase [] []
[2013-09-25 01:51:37] phpDocumentor.INFO:   No summary for method setUp() [] []
[2013-09-25 01:51:37] phpDocumentor.INFO:   No summary for method testGetPdo() [] []
[2013-09-25 01:51:37] phpDocumentor.INFO: Parsing C:\xampp\htdocs\octopus\tests\nucleo_test\testcase_peticion.php [] []
[2013-09-25 01:51:37] phpDocumentor.INFO:   No summary was found for this file [] []
[2013-09-25 01:51:37] phpDocumentor.INFO:   No summary for class \PeticionTestcase [] []
[2013-09-25 01:51:37] phpDocumentor.INFO:   No summary for method FCTestcase() [] []
[2013-09-25 01:51:37] phpDocumentor.INFO:   No summary for method testModuloControladorAccion1Param() [] []
[2013-09-25 01:51:37] phpDocumentor.INFO:   No summary for method testModuloControladorAccion() [] []
[2013-09-25 01:51:37] phpDocumentor.INFO:   No summary for method testControladorAccion() [] []
[2013-09-25 01:51:37] phpDocumentor.INFO:   No summary for method testSoloAccion() [] []
[2013-09-25 01:51:37] phpDocumentor.INFO:   No summary for method testRaiz() [] []
[2013-09-25 01:51:37] phpDocumentor.INFO: Parsing C:\xampp\htdocs\octopus\tests\nucleo_test\testcase_vista.php [] []
[2013-09-25 01:51:37] phpDocumentor.INFO:   No summary was found for this file [] []
[2013-09-25 01:51:37] phpDocumentor.INFO:   No summary for class \VistaTestcase [] []
[2013-09-25 01:51:37] phpDocumentor.INFO:   No summary for method setUp() [] []
[2013-09-25 01:51:37] phpDocumentor.INFO:   No summary for method testMostrarDefault() [] []
[2013-09-25 01:51:37] phpDocumentor.INFO:   No summary for method testMostrar() [] []
[2013-09-25 01:51:37] phpDocumentor.INFO:   No summary for method testMostrarInexistente() [] []
[2013-09-25 01:51:37] phpDocumentor.INFO: Parsing C:\xampp\htdocs\octopus\tests\nucleo_test\vista_test.php [] []
[2013-09-25 01:51:37] phpDocumentor.INFO:   No summary was found for this file [] []
[2013-09-25 01:51:37] phpDocumentor.INFO: Storing cache in "C:\xampp\htdocs\octopus\api" ..  [] []
[2013-09-25 01:51:37] phpDocumentor.INFO: OK [] []
[2013-09-25 01:51:37] phpDocumentor.INFO: Load cache                                                           ..  [] []
[2013-09-25 01:51:38] phpDocumentor.INFO:    0.176s [] []
[2013-09-25 01:51:38] phpDocumentor.INFO: Preparing template "clean"                                           ..  [] []
[2013-09-25 01:51:39] phpDocumentor.INFO:    1.328s [] []
[2013-09-25 01:51:39] phpDocumentor.INFO: Preparing 15 transformations                                         ..  [] []
[2013-09-25 01:51:39] phpDocumentor.INFO:    0.000s [] []
[2013-09-25 01:51:39] phpDocumentor.INFO: Build "elements" index                                               ..  [] []
[2013-09-25 01:51:39] phpDocumentor.INFO:    0.007s [] []
[2013-09-25 01:51:39] phpDocumentor.INFO: Replace textual FQCNs with object aliases                            ..  [] []
[2013-09-25 01:51:39] phpDocumentor.INFO:    0.039s [] []
[2013-09-25 01:51:39] phpDocumentor.INFO: Build "packages" index                                               ..  [] []
[2013-09-25 01:51:39] phpDocumentor.INFO:    0.012s [] []
[2013-09-25 01:51:39] phpDocumentor.INFO: Build "namespaces" index and add namespaces to "elements"            ..  [] []
[2013-09-25 01:51:39] phpDocumentor.INFO:    0.003s [] []
[2013-09-25 01:51:39] phpDocumentor.INFO: Transform analyzed project into artifacts                            ..  [] []
