[2013-09-25 01:52:38] phpDocumentor.INFO: Collecting files ..  [] []
[2013-09-25 01:52:41] phpDocumentor.INFO: OK [] []
[2013-09-25 01:52:41] phpDocumentor.INFO: Initializing parser ..  [] []
[2013-09-25 01:52:41] phpDocumentor.INFO: OK [] []
[2013-09-25 01:52:41] phpDocumentor.INFO: Parsing files [] []
[2013-09-25 01:52:41] phpDocumentor.INFO: Parsing C:\xampp\htdocs\octopus\clases\database.php [] []
[2013-09-25 01:52:41] phpDocumentor.INFO: Parsing C:\xampp\htdocs\octopus\clases\i_crud.php [] []
[2013-09-25 01:52:41] phpDocumentor.INFO: Parsing C:\xampp\htdocs\octopus\clases\i_scrud.php [] []
[2013-09-25 01:52:41] phpDocumentor.INFO: Parsing C:\xampp\htdocs\octopus\clases\peticion.php [] []
[2013-09-25 01:52:41] phpDocumentor.INFO: Parsing C:\xampp\htdocs\octopus\entrada.php [] []
[2013-09-25 01:52:41] phpDocumentor.INFO: Parsing C:\xampp\htdocs\octopus\instalacion\config.php [] []
[2013-09-25 01:52:41] phpDocumentor.INFO: Parsing C:\xampp\htdocs\octopus\instalacion\portal\config.php [] []
[2013-09-25 01:52:41] phpDocumentor.INFO: Parsing C:\xampp\htdocs\octopus\instalacion\portal\controladores\paginas.php [] []
[2013-09-25 01:52:41] phpDocumentor.INFO: Parsing C:\xampp\htdocs\octopus\instalacion\portal\vistas\paginas\inicio.php [] []
[2013-09-25 01:52:41] phpDocumentor.INFO: Parsing C:\xampp\htdocs\octopus\mvc\controlador.php [] []
[2013-09-25 01:52:41] phpDocumentor.INFO: Parsing C:\xampp\htdocs\octopus\mvc\modelo.php [] []
[2013-09-25 01:52:41] phpDocumentor.INFO: Parsing C:\xampp\htdocs\octopus\mvc\vista.php [] []
[2013-09-25 01:52:41] phpDocumentor.INFO: Parsing C:\xampp\htdocs\octopus\tests\nucleo_test\app_test\controladores\controladortest.php [] []
[2013-09-25 01:52:41] phpDocumentor.INFO: Parsing C:\xampp\htdocs\octopus\tests\nucleo_test\app_test\modelos\modelotest_model.php [] []
[2013-09-25 01:52:41] phpDocumentor.INFO: Parsing C:\xampp\htdocs\octopus\tests\nucleo_test\app_test\vistas\controladortest\index.php [] []
[2013-09-25 01:52:41] phpDocumentor.INFO: Parsing C:\xampp\htdocs\octopus\tests\nucleo_test\app_test\vistas\controladortest\index2.php [] []
[2013-09-25 01:52:41] phpDocumentor.INFO: Parsing C:\xampp\htdocs\octopus\tests\nucleo_test\app_test\vistas\layout.php [] []
[2013-09-25 01:52:41] phpDocumentor.INFO: Parsing C:\xampp\htdocs\octopus\tests\nucleo_test\controlador_test.php [] []
[2013-09-25 01:52:41] phpDocumentor.INFO: Parsing C:\xampp\htdocs\octopus\tests\nucleo_test\database_test.php [] []
[2013-09-25 01:52:41] phpDocumentor.INFO: Parsing C:\xampp\htdocs\octopus\tests\nucleo_test\despachador_test.php [] []
[2013-09-25 01:52:41] phpDocumentor.INFO: Parsing C:\xampp\htdocs\octopus\tests\nucleo_test\index.php [] []
[2013-09-25 01:52:41] phpDocumentor.INFO: Parsing C:\xampp\htdocs\octopus\tests\nucleo_test\index_test.php [] []
[2013-09-25 01:52:41] phpDocumentor.INFO: Parsing C:\xampp\htdocs\octopus\tests\nucleo_test\modelo_test.php [] []
[2013-09-25 01:52:41] phpDocumentor.INFO: Parsing C:\xampp\htdocs\octopus\tests\nucleo_test\peticion_test.php [] []
[2013-09-25 01:52:41] phpDocumentor.INFO: Parsing C:\xampp\htdocs\octopus\tests\nucleo_test\testcase_controlador.php [] []
[2013-09-25 01:52:41] phpDocumentor.INFO: Parsing C:\xampp\htdocs\octopus\tests\nucleo_test\testcase_database.php [] []
[2013-09-25 01:52:41] phpDocumentor.INFO: Parsing C:\xampp\htdocs\octopus\tests\nucleo_test\testcase_despachador.php [] []
[2013-09-25 01:52:41] phpDocumentor.INFO: Parsing C:\xampp\htdocs\octopus\tests\nucleo_test\testcase_modelo.php [] []
[2013-09-25 01:52:41] phpDocumentor.INFO: Parsing C:\xampp\htdocs\octopus\tests\nucleo_test\testcase_peticion.php [] []
[2013-09-25 01:52:41] phpDocumentor.INFO: Parsing C:\xampp\htdocs\octopus\tests\nucleo_test\testcase_vista.php [] []
[2013-09-25 01:52:41] phpDocumentor.INFO: Parsing C:\xampp\htdocs\octopus\tests\nucleo_test\vista_test.php [] []
[2013-09-25 01:52:41] phpDocumentor.INFO: Storing cache in "C:\xampp\htdocs\octopus\api" ..  [] []
[2013-09-25 01:52:41] phpDocumentor.INFO: OK [] []
[2013-09-25 01:52:41] phpDocumentor.INFO: Load cache                                                           ..  [] []
[2013-09-25 01:52:41] phpDocumentor.INFO:    0.043s [] []
[2013-09-25 01:52:41] phpDocumentor.INFO: Preparing template "clean"                                           ..  [] []
[2013-09-25 01:52:41] phpDocumentor.INFO:    0.042s [] []
[2013-09-25 01:52:41] phpDocumentor.INFO: Preparing 15 transformations                                         ..  [] []
[2013-09-25 01:52:41] phpDocumentor.INFO:    0.000s [] []
[2013-09-25 01:52:41] phpDocumentor.INFO: Build "elements" index                                               ..  [] []
[2013-09-25 01:52:41] phpDocumentor.INFO:    0.002s [] []
[2013-09-25 01:52:41] phpDocumentor.INFO: Replace textual FQCNs with object aliases                            ..  [] []
[2013-09-25 01:52:41] phpDocumentor.INFO:    0.008s [] []
[2013-09-25 01:52:41] phpDocumentor.INFO: Build "packages" index                                               ..  [] []
[2013-09-25 01:52:41] phpDocumentor.INFO:    0.003s [] []
[2013-09-25 01:52:41] phpDocumentor.INFO: Build "namespaces" index and add namespaces to "elements"            ..  [] []
[2013-09-25 01:52:41] phpDocumentor.INFO:    0.001s [] []
[2013-09-25 01:52:41] phpDocumentor.INFO: Transform analyzed project into artifacts                            ..  [] []
